12:07:52.863 INFO - Selenium build info: version: '3.8.1', revision: '6e95a6684b'
12:07:52.864 INFO - Launching a standalone Selenium Server
2017-12-22 12:07:53.120:INFO::main: Logging initialized @878ms to org.seleniumhq.jetty9.util.log.StdErrLog
12:07:53.182 INFO - Using `new FirefoxOptions()` is preferred to `DesiredCapabilities.firefox()`
12:07:53.207 INFO - Using `new ChromeOptions()` is preferred to `DesiredCapabilities.chrome()`
12:07:53.210 INFO - Using `new EdgeOptions()` is preferred to `DesiredCapabilities.edge()`
12:07:53.211 INFO - Driver class not found: com.opera.core.systems.OperaDriver
12:07:53.211 INFO - Using `new OperaOptions()` is preferred to `DesiredCapabilities.operaBlink()`
12:07:53.212 INFO - Using `new SafariOptions()` is preferred to `DesiredCapabilities.safari()`
12:07:53.213 INFO - Driver class not found: org.openqa.selenium.phantomjs.PhantomJSDriver
12:07:53.278 INFO - Driver provider class org.openqa.selenium.ie.InternetExplorerDriver registration is skipped:
 registration capabilities Capabilities {browserName: internet explorer, ensureCleanSession: true, platform: WINDOWS, version: } does not match the current platform MAC
12:07:53.279 INFO - Driver provider class org.openqa.selenium.edge.EdgeDriver registration is skipped:
 registration capabilities Capabilities {browserName: MicrosoftEdge, platform: WINDOWS, version: } does not match the current platform MAC
12:07:53.358 INFO - Using `new ChromeOptions()` is preferred to `DesiredCapabilities.chrome()`
12:07:53.360 INFO - Using `new EdgeOptions()` is preferred to `DesiredCapabilities.edge()`
12:07:53.360 INFO - Using `new FirefoxOptions()` is preferred to `DesiredCapabilities.firefox()`
12:07:53.361 INFO - Using `new OperaOptions()` is preferred to `DesiredCapabilities.operaBlink()`
12:07:53.362 INFO - Using `new SafariOptions()` is preferred to `DesiredCapabilities.safari()`
12:07:53.376 INFO - Using the passthrough mode handler
2017-12-22 12:07:53.421:INFO:osjs.Server:main: jetty-9.4.7.v20170914
2017-12-22 12:07:53.459:WARN:osjs.SecurityHandler:main: ServletContext@o.s.j.s.ServletContextHandler@2db7a79b{/,null,STARTING} has uncovered http methods for path: /
2017-12-22 12:07:53.466:INFO:osjsh.ContextHandler:main: Started o.s.j.s.ServletContextHandler@2db7a79b{/,null,AVAILABLE}
2017-12-22 12:07:53.518:INFO:osjs.AbstractConnector:main: Started ServerConnector@e7858cf{HTTP/1.1,[http/1.1]}{0.0.0.0:4444}
2017-12-22 12:07:53.519:INFO:osjs.Server:main: Started @1277ms
12:07:53.519 INFO - Selenium Server is up and running
2017-12-22 12:07:53.924:INFO:osjshC.ROOT:qtp1709537756-12: org.openqa.selenium.remote.server.WebDriverServlet-6895a785: Initialising WebDriverServlet
12:07:54.018 INFO - Found handler: org.openqa.selenium.remote.server.commandhandler.BeginSession@66579c24
12:07:54.024 INFO - /session: Executing POST on /session (handler: BeginSession)
12:07:54.126 INFO - Capabilities are: Capabilities {acceptSslCerts: true, browserName: chrome, javascriptEnabled: true, name: Test}
12:07:54.129 INFO - Capabilities {acceptSslCerts: true, browserName: chrome, javascriptEnabled: true, name: Test} matched class org.openqa.selenium.remote.server.ServicedSession$Factory (provider: org.openqa.selenium.chrome.ChromeDriverService)
Starting ChromeDriver 2.34.522932 (4140ab217e1ca1bec0c4b4d1b148f3361eb3a03e) on port 7431
Only local connections are allowed.
12:07:56.602 INFO - Detected dialect: OSS
12:07:57.398 INFO - Found handler: org.openqa.selenium.remote.server.ServicedSession@655b89e
12:07:57.399 INFO - Handler thread for session d2c7b3f82d8a14e236bd282c1bc23083 (chrome): Executing POST on /session/d2c7b3f82d8a14e236bd282c1bc23083/url (handler: ServicedSession)
12:07:57.404 INFO - To upstream: {"url":"http://localhost:8081"}
12:08:01.429 INFO - To downstream: {"sessionId":"d2c7b3f82d8a14e236bd282c1bc23083","status":0,"value":null}
12:08:01.439 INFO - Found handler: org.openqa.selenium.remote.server.ServicedSession@655b89e
12:08:01.439 INFO - Handler thread for session d2c7b3f82d8a14e236bd282c1bc23083 (chrome): Executing POST on /session/d2c7b3f82d8a14e236bd282c1bc23083/elements (handler: ServicedSession)
12:08:01.441 INFO - To upstream: {"using":"css selector","value":"#app"}
12:08:01.468 INFO - To downstream: {"sessionId":"d2c7b3f82d8a14e236bd282c1bc23083","status":0,"value":[{"ELEMENT":"0.6602971141658638-1"}]}
12:08:01.474 INFO - Found handler: org.openqa.selenium.remote.server.ServicedSession@655b89e
12:08:01.474 INFO - Handler thread for session d2c7b3f82d8a14e236bd282c1bc23083 (chrome): Executing GET on /session/d2c7b3f82d8a14e236bd282c1bc23083/element/0.6602971141658638-1/displayed (handler: ServicedSession)
12:08:01.500 INFO - To downstream: {"sessionId":"d2c7b3f82d8a14e236bd282c1bc23083","status":0,"value":true}
12:08:01.512 INFO - Found handler: org.openqa.selenium.remote.server.ServicedSession@655b89e
12:08:01.512 INFO - Handler thread for session d2c7b3f82d8a14e236bd282c1bc23083 (chrome): Executing POST on /session/d2c7b3f82d8a14e236bd282c1bc23083/elements (handler: ServicedSession)
12:08:01.515 INFO - To upstream: {"using":"css selector","value":".hello"}
12:08:01.534 INFO - To downstream: {"sessionId":"d2c7b3f82d8a14e236bd282c1bc23083","status":0,"value":[{"ELEMENT":"0.6602971141658638-2"}]}
12:08:01.542 INFO - Found handler: org.openqa.selenium.remote.server.ServicedSession@655b89e
12:08:01.543 INFO - Handler thread for session d2c7b3f82d8a14e236bd282c1bc23083 (chrome): Executing POST on /session/d2c7b3f82d8a14e236bd282c1bc23083/element (handler: ServicedSession)
12:08:01.546 INFO - To upstream: {"using":"css selector","value":"h1"}
12:08:01.563 INFO - To downstream: {"sessionId":"d2c7b3f82d8a14e236bd282c1bc23083","status":0,"value":{"ELEMENT":"0.6602971141658638-3"}}
12:08:01.569 INFO - Found handler: org.openqa.selenium.remote.server.ServicedSession@655b89e
12:08:01.569 INFO - Handler thread for session d2c7b3f82d8a14e236bd282c1bc23083 (chrome): Executing GET on /session/d2c7b3f82d8a14e236bd282c1bc23083/element/0.6602971141658638-3/text (handler: ServicedSession)
12:08:01.585 INFO - To downstream: {"sessionId":"d2c7b3f82d8a14e236bd282c1bc23083","status":0,"value":"Welcome to Your Vue.js App"}
12:08:01.594 INFO - Found handler: org.openqa.selenium.remote.server.ServicedSession@655b89e
12:08:01.595 INFO - Handler thread for session d2c7b3f82d8a14e236bd282c1bc23083 (chrome): Executing POST on /session/d2c7b3f82d8a14e236bd282c1bc23083/execute (handler: ServicedSession)
12:08:01.596 INFO - To upstream: {"script":"var passedArgs = Array.prototype.slice.call(arguments,0); return function (selector) {\n      return document.querySelectorAll(selector).length;\n    }.apply(window, passedArgs);","args":["img"]}
12:08:01.603 INFO - To downstream: {"sessionId":"d2c7b3f82d8a14e236bd282c1bc23083","status":0,"value":1}
12:08:01.608 INFO - Found handler: org.openqa.selenium.remote.server.ServicedSession@655b89e
12:08:01.608 INFO - Handler thread for session d2c7b3f82d8a14e236bd282c1bc23083 (chrome): Executing DELETE on /session/d2c7b3f82d8a14e236bd282c1bc23083 (handler: ServicedSession)
12:08:01.664 INFO - To downstream: {"sessionId":"d2c7b3f82d8a14e236bd282c1bc23083","status":0,"value":null}
12:08:01.671 INFO - Removing session org.openqa.selenium.remote.server.ServicedSession@655b89e
12:08:01.679 INFO - To downstream: {"sessionId":"","status":0,"value":null}
